d:\program files (other)\vs2017\projects\pow-miner-gpu-wingui\pow-miner-gpu-wingui\x64\debug\vc141.pdb
d:\program files (other)\vs2017\projects\pow-miner-gpu-wingui\pow-miner-gpu-wingui\x64\debug\mainform.obj
d:\program files (other)\vs2017\projects\pow-miner-gpu-wingui\pow-miner-gpu-wingui\x64\debug\aboutform.obj
d:\program files (other)\vs2017\projects\pow-miner-gpu-wingui\pow-miner-gpu-wingui\x64\debug\.netframework,version=v4.6.1.assemblyattributes.obj
d:\program files (other)\vs2017\projects\pow-miner-gpu-wingui\pow-miner-gpu-wingui\x64\debug\.netframework,version=v4.6.1.assemblyattributes.asm
d:\program files (other)\vs2017\projects\pow-miner-gpu-wingui\pow-miner-gpu-wingui\x64\debug\appsyssubprocess.obj
d:\program files (other)\vs2017\projects\pow-miner-gpu-wingui\x64\debug\pow-miner-gpu-wingui.exe
d:\program files (other)\vs2017\projects\pow-miner-gpu-wingui\x64\debug\pow-miner-gpu-wingui.pdb
d:\program files (other)\vs2017\projects\pow-miner-gpu-wingui\pow-miner-gpu-wingui\x64\debug\powminergpuwingui.mainform.resources
d:\program files (other)\vs2017\projects\pow-miner-gpu-wingui\pow-miner-gpu-wingui\x64\debug\powminergpuwingui.aboutform.resources
d:\program files (other)\vs2017\projects\pow-miner-gpu-wingui\pow-miner-gpu-wingui\x64\debug\pow-miner-gpu-wingui.vcxproj.generateresource.cache
d:\program files (other)\vs2017\projects\pow-miner-gpu-wingui\pow-miner-gpu-wingui\x64\debug\pow-miner-gpu-wingui.vcxprojassemblyreference.cache
d:\program files (other)\vs2017\projects\pow-miner-gpu-wingui\pow-miner-gpu-wingui\x64\debug\pow-mine.a717e646.tlog\cl.command.1.tlog
d:\program files (other)\vs2017\projects\pow-miner-gpu-wingui\pow-miner-gpu-wingui\x64\debug\pow-mine.a717e646.tlog\cl.read.1.tlog
d:\program files (other)\vs2017\projects\pow-miner-gpu-wingui\pow-miner-gpu-wingui\x64\debug\pow-mine.a717e646.tlog\cl.write.1.tlog
d:\program files (other)\vs2017\projects\pow-miner-gpu-wingui\pow-miner-gpu-wingui\x64\debug\pow-mine.a717e646.tlog\link.command.1.tlog
d:\program files (other)\vs2017\projects\pow-miner-gpu-wingui\pow-miner-gpu-wingui\x64\debug\pow-mine.a717e646.tlog\link.read.1.tlog
d:\program files (other)\vs2017\projects\pow-miner-gpu-wingui\pow-miner-gpu-wingui\x64\debug\pow-mine.a717e646.tlog\link.write.1.tlog
d:\program files (other)\vs2017\projects\pow-miner-gpu-wingui\pow-miner-gpu-wingui\x64\debug\pow-mine.a717e646.tlog\metagen.read.1.tlog
d:\program files (other)\vs2017\projects\pow-miner-gpu-wingui\pow-miner-gpu-wingui\x64\debug\pow-mine.a717e646.tlog\metagen.write.1.tlog
d:\program files (other)\vs2017\projects\pow-miner-gpu-wingui\pow-miner-gpu-wingui\x64\debug\pow-mine.a717e646.tlog\pow-miner-gpu-wingui.write.1u.tlog
